<?xml version="1.0" encoding="UTF-8" ?>
<testsuite errors="0" failures="0" hostname="redlalitp-VirtualBox" name="spring15_CS445.model.WineArrayTest" skipped="0" tests="3" time="0.068" timestamp="2015-09-23T13:32:31">
  <properties>
[...]
</properties>
  <testcase classname="spring15_CS445.model.WineArrayTest" name="testSetId" time="0.001" />
  <testcase classname="spring15_CS445.model.WineArrayTest" name="testGetLabel_name" time="0.0" />
  <testcase classname="spring15_CS445.model.WineArrayTest" name="testSetLabel_name" time="0.0" />
  <system-out><![CDATA[setId
getLabel_name
setLabel_name
]]></system-out>
  <system-err><![CDATA[]]></system-err>
</testsuite>
