<?xml version="1.0" encoding="UTF-8" ?>
<testsuite errors="0" failures="0" hostname="redlalitp-VirtualBox" name="spring15_CS445.model.ShipmentResponseTest" skipped="0" tests="10" time="0.006" timestamp="2015-09-23T13:32:04">
  <properties>
[...]
</properties>
  <testcase classname="spring15_CS445.model.ShipmentResponseTest" name="testGetWines" time="0.001" />
  <testcase classname="spring15_CS445.model.ShipmentResponseTest" name="testGetDt" time="0.0" />
  <testcase classname="spring15_CS445.model.ShipmentResponseTest" name="testGetSm" time="0.0" />
  <testcase classname="spring15_CS445.model.ShipmentResponseTest" name="testGetWt" time="0.0" />
  <testcase classname="spring15_CS445.model.ShipmentResponseTest" name="testSetDt" time="0.0" />
  <testcase classname="spring15_CS445.model.ShipmentResponseTest" name="testSetSm" time="0.001" />
  <testcase classname="spring15_CS445.model.ShipmentResponseTest" name="testSetWt" time="0.0" />
  <testcase classname="spring15_CS445.model.ShipmentResponseTest" name="testSetStatus" time="0.0" />
  <testcase classname="spring15_CS445.model.ShipmentResponseTest" name="testGetStatus" time="0.0" />
  <testcase classname="spring15_CS445.model.ShipmentResponseTest" name="testSetWines" time="0.0" />
  <system-out><![CDATA[getWines
getDt
getSm
getWt
setDt
setSm
setWt
setStatus
getStatus
setWines
]]></system-out>
  <system-err><![CDATA[]]></system-err>
</testsuite>
